[2024-09-18 16:04:40,826] {taskinstance.py:1032} INFO - Dependencies all met for <TaskInstance: Regions_ETL.cargar_data scheduled__2024-09-17T00:00:00+00:00 [queued]>
[2024-09-18 16:04:40,865] {taskinstance.py:1032} INFO - Dependencies all met for <TaskInstance: Regions_ETL.cargar_data scheduled__2024-09-17T00:00:00+00:00 [queued]>
[2024-09-18 16:04:40,866] {taskinstance.py:1238} INFO - 
--------------------------------------------------------------------------------
[2024-09-18 16:04:40,867] {taskinstance.py:1239} INFO - Starting attempt 1 of 6
[2024-09-18 16:04:40,868] {taskinstance.py:1240} INFO - 
--------------------------------------------------------------------------------
[2024-09-18 16:04:40,907] {taskinstance.py:1259} INFO - Executing <Task(PythonOperator): cargar_data> on 2024-09-17 00:00:00+00:00
[2024-09-18 16:04:40,918] {standard_task_runner.py:52} INFO - Started process 278 to run task
[2024-09-18 16:04:40,928] {standard_task_runner.py:76} INFO - Running: ['***', 'tasks', 'run', 'Regions_ETL', 'cargar_data', 'scheduled__2024-09-17T00:00:00+00:00', '--job-id', '9', '--raw', '--subdir', 'DAGS_FOLDER/ETL_Regions.py', '--cfg-path', '/tmp/tmp01djfy4c', '--error-file', '/tmp/tmpe_kflv7c']
[2024-09-18 16:04:40,930] {standard_task_runner.py:77} INFO - Job 9: Subtask cargar_data
[2024-09-18 16:04:41,066] {logging_mixin.py:109} INFO - Running <TaskInstance: Regions_ETL.cargar_data scheduled__2024-09-17T00:00:00+00:00 [running]> on host b9afb08ecd2d
[2024-09-18 16:04:41,202] {warnings.py:99} WARNING - /home/***/.local/lib/python3.6/site-packages/***/utils/context.py:152: AirflowContextDeprecationWarning: Accessing 'execution_date' from the template is deprecated and will be removed in a future version. Please use 'data_interval_start' or 'logical_date' instead.
  warnings.warn(_create_deprecation_warning(key, self._deprecation_replacements[key]))

[2024-09-18 16:04:41,256] {taskinstance.py:1426} INFO - Exporting the following env vars:
AIRFLOW_CTX_DAG_OWNER=steikedgar99_coderhouse
AIRFLOW_CTX_DAG_ID=Regions_ETL
AIRFLOW_CTX_TASK_ID=cargar_data
AIRFLOW_CTX_EXECUTION_DATE=2024-09-17T00:00:00+00:00
AIRFLOW_CTX_DAG_RUN_ID=scheduled__2024-09-17T00:00:00+00:00
[2024-09-18 16:04:41,258] {logging_mixin.py:109} INFO - Cargando la data para la fecha: 2024-09-17 0
[2024-09-18 16:04:41,331] {logging_mixin.py:109} INFO - (250, 9)
[2024-09-18 16:04:41,399] {logging_mixin.py:109} INFO -             Name  population  ...  timezones                    ETL_TIME
0  South Georgia          30  ...  UTC-02:00  2024-09-18 16:04:31.406569
1        Grenada      112519  ...  UTC-04:00  2024-09-18 16:04:31.406569
2    Switzerland     8654622  ...  UTC+01:00  2024-09-18 16:04:31.406569
3   Sierra Leone     7976985  ...        UTC  2024-09-18 16:04:31.406569
4        Hungary     9749763  ...  UTC+01:00  2024-09-18 16:04:31.406569

[5 rows x 9 columns]
[2024-09-18 16:04:51,999] {python.py:175} INFO - Done. Returned value was: None
[2024-09-18 16:04:52,022] {taskinstance.py:1277} INFO - Marking task as SUCCESS. dag_id=Regions_ETL, task_id=cargar_data, execution_date=20240917T000000, start_date=20240918T160440, end_date=20240918T160452
[2024-09-18 16:04:52,116] {local_task_job.py:154} INFO - Task exited with return code 0
[2024-09-18 16:04:52,201] {local_task_job.py:264} INFO - 1 downstream tasks scheduled from follow-on schedule check
