[2024-09-18 16:04:23,000] {taskinstance.py:1032} INFO - Dependencies all met for <TaskInstance: Regions_ETL.extraer_data manual__2024-09-18T16:04:14.994469+00:00 [queued]>
[2024-09-18 16:04:23,053] {taskinstance.py:1032} INFO - Dependencies all met for <TaskInstance: Regions_ETL.extraer_data manual__2024-09-18T16:04:14.994469+00:00 [queued]>
[2024-09-18 16:04:23,058] {taskinstance.py:1238} INFO - 
--------------------------------------------------------------------------------
[2024-09-18 16:04:23,069] {taskinstance.py:1239} INFO - Starting attempt 1 of 6
[2024-09-18 16:04:23,080] {taskinstance.py:1240} INFO - 
--------------------------------------------------------------------------------
[2024-09-18 16:04:23,149] {taskinstance.py:1259} INFO - Executing <Task(PythonOperator): extraer_data> on 2024-09-18 16:04:14.994469+00:00
[2024-09-18 16:04:23,159] {standard_task_runner.py:52} INFO - Started process 259 to run task
[2024-09-18 16:04:23,169] {standard_task_runner.py:76} INFO - Running: ['***', 'tasks', 'run', 'Regions_ETL', 'extraer_data', 'manual__2024-09-18T16:04:14.994469+00:00', '--job-id', '3', '--raw', '--subdir', 'DAGS_FOLDER/ETL_Regions.py', '--cfg-path', '/tmp/tmpqx5874ek', '--error-file', '/tmp/tmpiodpqwxv']
[2024-09-18 16:04:23,178] {standard_task_runner.py:77} INFO - Job 3: Subtask extraer_data
[2024-09-18 16:04:23,416] {logging_mixin.py:109} INFO - Running <TaskInstance: Regions_ETL.extraer_data manual__2024-09-18T16:04:14.994469+00:00 [running]> on host b9afb08ecd2d
[2024-09-18 16:04:23,526] {warnings.py:99} WARNING - /home/***/.local/lib/python3.6/site-packages/***/utils/context.py:152: AirflowContextDeprecationWarning: Accessing 'execution_date' from the template is deprecated and will be removed in a future version. Please use 'data_interval_start' or 'logical_date' instead.
  warnings.warn(_create_deprecation_warning(key, self._deprecation_replacements[key]))

[2024-09-18 16:04:23,584] {taskinstance.py:1426} INFO - Exporting the following env vars:
AIRFLOW_CTX_DAG_OWNER=steikedgar99_coderhouse
AIRFLOW_CTX_DAG_ID=Regions_ETL
AIRFLOW_CTX_TASK_ID=extraer_data
AIRFLOW_CTX_EXECUTION_DATE=2024-09-18T16:04:14.994469+00:00
AIRFLOW_CTX_DAG_RUN_ID=manual__2024-09-18T16:04:14.994469+00:00
[2024-09-18 16:04:23,586] {logging_mixin.py:109} INFO - Adquiriendo data para la fecha: 2024-09-18 16
[2024-09-18 16:04:25,077] {logging_mixin.py:109} INFO - Success!
[2024-09-18 16:04:26,313] {python.py:175} INFO - Done. Returned value was: None
[2024-09-18 16:04:26,374] {taskinstance.py:1277} INFO - Marking task as SUCCESS. dag_id=Regions_ETL, task_id=extraer_data, execution_date=20240918T160414, start_date=20240918T160423, end_date=20240918T160426
[2024-09-18 16:04:26,475] {local_task_job.py:154} INFO - Task exited with return code 0
[2024-09-18 16:04:26,617] {local_task_job.py:264} INFO - 1 downstream tasks scheduled from follow-on schedule check
