[2024-09-18 16:04:35,056] {taskinstance.py:1032} INFO - Dependencies all met for <TaskInstance: Regions_ETL.conexion_BD scheduled__2024-09-17T00:00:00+00:00 [queued]>
[2024-09-18 16:04:35,118] {taskinstance.py:1032} INFO - Dependencies all met for <TaskInstance: Regions_ETL.conexion_BD scheduled__2024-09-17T00:00:00+00:00 [queued]>
[2024-09-18 16:04:35,119] {taskinstance.py:1238} INFO - 
--------------------------------------------------------------------------------
[2024-09-18 16:04:35,121] {taskinstance.py:1239} INFO - Starting attempt 1 of 6
[2024-09-18 16:04:35,129] {taskinstance.py:1240} INFO - 
--------------------------------------------------------------------------------
[2024-09-18 16:04:35,210] {taskinstance.py:1259} INFO - Executing <Task(PythonOperator): conexion_BD> on 2024-09-17 00:00:00+00:00
[2024-09-18 16:04:35,229] {standard_task_runner.py:52} INFO - Started process 266 to run task
[2024-09-18 16:04:35,243] {standard_task_runner.py:76} INFO - Running: ['***', 'tasks', 'run', 'Regions_ETL', 'conexion_BD', 'scheduled__2024-09-17T00:00:00+00:00', '--job-id', '6', '--raw', '--subdir', 'DAGS_FOLDER/ETL_Regions.py', '--cfg-path', '/tmp/tmpg45gsj8l', '--error-file', '/tmp/tmp5gi4f1jr']
[2024-09-18 16:04:35,245] {standard_task_runner.py:77} INFO - Job 6: Subtask conexion_BD
[2024-09-18 16:04:35,498] {logging_mixin.py:109} INFO - Running <TaskInstance: Regions_ETL.conexion_BD scheduled__2024-09-17T00:00:00+00:00 [running]> on host b9afb08ecd2d
[2024-09-18 16:04:35,631] {warnings.py:99} WARNING - /home/***/.local/lib/python3.6/site-packages/***/utils/context.py:152: AirflowContextDeprecationWarning: Accessing 'execution_date' from the template is deprecated and will be removed in a future version. Please use 'data_interval_start' or 'logical_date' instead.
  warnings.warn(_create_deprecation_warning(key, self._deprecation_replacements[key]))

[2024-09-18 16:04:35,788] {taskinstance.py:1426} INFO - Exporting the following env vars:
AIRFLOW_CTX_DAG_OWNER=steikedgar99_coderhouse
AIRFLOW_CTX_DAG_ID=Regions_ETL
AIRFLOW_CTX_TASK_ID=conexion_BD
AIRFLOW_CTX_EXECUTION_DATE=2024-09-17T00:00:00+00:00
AIRFLOW_CTX_DAG_RUN_ID=scheduled__2024-09-17T00:00:00+00:00
[2024-09-18 16:04:35,803] {logging_mixin.py:109} INFO - Conectandose a la BD en la fecha: 2024-09-17 0
[2024-09-18 16:04:37,454] {logging_mixin.py:109} INFO - <connection object at 0x7f39a7cf7cc8; dsn: 'user=steikedgar99_coderhouse password=xxx dbname=data-engineer-database host=data-engineer-cluster.cyhh5bfevlmn.us-east-1.redshift.amazonaws.com port=5439', closed: 0>
[2024-09-18 16:04:37,455] {logging_mixin.py:109} INFO - Connected to Redshift successfully!
[2024-09-18 16:04:37,457] {python.py:175} INFO - Done. Returned value was: None
[2024-09-18 16:04:37,484] {taskinstance.py:1277} INFO - Marking task as SUCCESS. dag_id=Regions_ETL, task_id=conexion_BD, execution_date=20240917T000000, start_date=20240918T160435, end_date=20240918T160437
[2024-09-18 16:04:37,549] {local_task_job.py:154} INFO - Task exited with return code 0
[2024-09-18 16:04:37,724] {local_task_job.py:264} INFO - 1 downstream tasks scheduled from follow-on schedule check
