[2024-09-18 16:04:35,114] {taskinstance.py:1032} INFO - Dependencies all met for <TaskInstance: Regions_ETL.conexion_BD manual__2024-09-18T16:04:14.994469+00:00 [queued]>
[2024-09-18 16:04:35,188] {taskinstance.py:1032} INFO - Dependencies all met for <TaskInstance: Regions_ETL.conexion_BD manual__2024-09-18T16:04:14.994469+00:00 [queued]>
[2024-09-18 16:04:35,192] {taskinstance.py:1238} INFO - 
--------------------------------------------------------------------------------
[2024-09-18 16:04:35,197] {taskinstance.py:1239} INFO - Starting attempt 1 of 6
[2024-09-18 16:04:35,202] {taskinstance.py:1240} INFO - 
--------------------------------------------------------------------------------
[2024-09-18 16:04:35,261] {taskinstance.py:1259} INFO - Executing <Task(PythonOperator): conexion_BD> on 2024-09-18 16:04:14.994469+00:00
[2024-09-18 16:04:35,278] {standard_task_runner.py:52} INFO - Started process 267 to run task
[2024-09-18 16:04:35,286] {standard_task_runner.py:76} INFO - Running: ['***', 'tasks', 'run', 'Regions_ETL', 'conexion_BD', 'manual__2024-09-18T16:04:14.994469+00:00', '--job-id', '7', '--raw', '--subdir', 'DAGS_FOLDER/ETL_Regions.py', '--cfg-path', '/tmp/tmpuje71yvf', '--error-file', '/tmp/tmpfx8jwn1t']
[2024-09-18 16:04:35,290] {standard_task_runner.py:77} INFO - Job 7: Subtask conexion_BD
[2024-09-18 16:04:35,514] {logging_mixin.py:109} INFO - Running <TaskInstance: Regions_ETL.conexion_BD manual__2024-09-18T16:04:14.994469+00:00 [running]> on host b9afb08ecd2d
[2024-09-18 16:04:35,693] {warnings.py:99} WARNING - /home/***/.local/lib/python3.6/site-packages/***/utils/context.py:152: AirflowContextDeprecationWarning: Accessing 'execution_date' from the template is deprecated and will be removed in a future version. Please use 'data_interval_start' or 'logical_date' instead.
  warnings.warn(_create_deprecation_warning(key, self._deprecation_replacements[key]))

[2024-09-18 16:04:35,838] {taskinstance.py:1426} INFO - Exporting the following env vars:
AIRFLOW_CTX_DAG_OWNER=steikedgar99_coderhouse
AIRFLOW_CTX_DAG_ID=Regions_ETL
AIRFLOW_CTX_TASK_ID=conexion_BD
AIRFLOW_CTX_EXECUTION_DATE=2024-09-18T16:04:14.994469+00:00
AIRFLOW_CTX_DAG_RUN_ID=manual__2024-09-18T16:04:14.994469+00:00
[2024-09-18 16:04:35,851] {logging_mixin.py:109} INFO - Conectandose a la BD en la fecha: 2024-09-18 16
[2024-09-18 16:04:37,528] {logging_mixin.py:109} INFO - <connection object at 0x7f39a7cf7cc8; dsn: 'user=steikedgar99_coderhouse password=xxx dbname=data-engineer-database host=data-engineer-cluster.cyhh5bfevlmn.us-east-1.redshift.amazonaws.com port=5439', closed: 0>
[2024-09-18 16:04:37,530] {logging_mixin.py:109} INFO - Connected to Redshift successfully!
[2024-09-18 16:04:37,531] {python.py:175} INFO - Done. Returned value was: None
[2024-09-18 16:04:37,575] {taskinstance.py:1277} INFO - Marking task as SUCCESS. dag_id=Regions_ETL, task_id=conexion_BD, execution_date=20240918T160414, start_date=20240918T160435, end_date=20240918T160437
[2024-09-18 16:04:37,664] {local_task_job.py:154} INFO - Task exited with return code 0
[2024-09-18 16:04:37,889] {local_task_job.py:264} INFO - 0 downstream tasks scheduled from follow-on schedule check
